Build started 12/3/2015 12:50:59 PM.
     1>Project "C:\Users\Mathieu\comp-345-risk-fall-2k15\RiskVisualStudioProject\RiskVisualStudioProject\RiskVisualStudioProject.vcxproj" on node 2 (Build target(s)).
     1>ClCompile:
         C:\Program Files (x86)\Microsoft Visual Studio 14.0\VC\bin\x86_amd64\CL.exe /c /I"C:\Users\Mathieu\comp-345-risk-fall-2k15\RiskVisualStudioProject\RiskVisualStudioProject\\..\..\dependencies\includes" /ZI /nologo /W3 /WX- /sdl /Od /D _MBCS /Gm /EHsc /RTC1 /MDd /GS /fp:precise /Zc:wchar_t /Zc:forScope /Zc:inline /Fo"x64\Debug\\" /Fd"x64\Debug\vc140.pdb" /Gd /TP /errorReport:prompt ..\..\model\Continent.cpp ..\..\model\Country.cpp ..\..\model\Player.cpp ..\..\model\RiskGame.cpp ..\..\model\StartupPhase.cpp ..\..\model\World.cpp
         World.cpp
         StartupPhase.cpp
         RiskGame.cpp
         Player.cpp
         Country.cpp
         Continent.cpp
         Generating Code...
       Link:
         C:\Program Files (x86)\Microsoft Visual Studio 14.0\VC\bin\x86_amd64\link.exe /ERRORREPORT:PROMPT /OUT:"C:\Users\Mathieu\comp-345-risk-fall-2k15\RiskVisualStudioProject\x64\Debug\RiskVisualStudioProject.exe" /INCREMENTAL /NOLOGO /LIBPATH:"C:\Users\Mathieu\comp-345-risk-fall-2k15\RiskVisualStudioProject\RiskVisualStudioProject\\..\..\dependencies\libs" "sfml-system-d.lib" "sfml-graphics-d.lib" "sfml-window-d.lib" jpeg.lib freetype.lib opengl32.lib winmm.lib gdi32.lib "sfgui-d.lib" kernel32.lib user32.lib gdi32.lib winspool.lib comdlg32.lib advapi32.lib shell32.lib ole32.lib oleaut32.lib uuid.lib odbc32.lib odbccp32.lib /MANIFEST /MANIFESTUAC:"level='asInvoker' uiAccess='false'" /manifest:embed /Debug /PDB:"C:\Users\Mathieu\comp-345-risk-fall-2k15\RiskVisualStudioProject\x64\Debug\RiskVisualStudioProject.pdb" /TLBID:1 /DYNAMICBASE /NXCOMPAT /IMPLIB:"C:\Users\Mathieu\comp-345-risk-fall-2k15\RiskVisualStudioProject\x64\Debug\RiskVisualStudioProject.lib" /MACHINE:X64 x64\Debug\AttackPhase.obj
         x64\Debug\BasicStatistics.obj
         x64\Debug\BattlePercentageStatistics.obj
         x64\Debug\Continent.obj
         x64\Debug\Country.obj
         x64\Debug\Director.obj
         x64\Debug\FortificationPhase.obj
         x64\Debug\GameBuilder.obj
         x64\Debug\RiskGame.obj
         x64\Debug\main.obj
         x64\Debug\Phase.obj
         x64\Debug\Player.obj
         x64\Debug\PlayerList.obj
         x64\Debug\ReinforcementPhase.obj
         x64\Debug\StartupPhase.obj
         x64\Debug\Statistics.obj
         x64\Debug\Subject.obj
         x64\Debug\World.obj
         x64\Debug\WorldControlledPercentageStatistics.obj
         x64\Debug\CountryCreationTool.obj
         x64\Debug\MainMenuScreen.obj
         x64\Debug\MapEditorScreen.obj
         x64\Debug\PlayMenuScreen.obj
         x64\Debug\RiskGameView.obj
         x64\Debug\Screen.obj
         x64\Debug\SelectionTool.obj
         x64\Debug\GameDisplayScreen.obj
         RiskVisualStudioProject.vcxproj -> C:\Users\Mathieu\comp-345-risk-fall-2k15\RiskVisualStudioProject\x64\Debug\RiskVisualStudioProject.exe
     1>Done Building Project "C:\Users\Mathieu\comp-345-risk-fall-2k15\RiskVisualStudioProject\RiskVisualStudioProject\RiskVisualStudioProject.vcxproj" (Build target(s)).

Build succeeded.

Time Elapsed 00:00:08.50
